
PostImageãƒ¢ãƒ‡ãƒ«ã®ãƒ†ã‚¹ãƒˆ
  ãƒãƒªãƒ‡ãƒ¼ã‚·ãƒ§ãƒ³ã®ãƒ†ã‚¹ãƒˆ
    shop_nameã‚«ãƒ©ãƒ 
[31m      ç©ºæ¬„ã§ãªã„ã“ã¨ (FAILED - 1)[0m
    captionã‚«ãƒ©ãƒ 
[31m      ç©ºæ¬„ã§ãªã„ã“ã¨ (FAILED - 2)[0m
[31m      200æ–‡å­—ä»¥ä¸‹ã§ã‚ã‚‹ã“ã¨: 200æ–‡å­—ã¯ã€‡ (FAILED - 3)[0m
[31m      200æ–‡å­—ä»¥ä¸‹ã§ã‚ã‚‹ã“ã¨: 201æ–‡å­—ã¯Ã— (FAILED - 4)[0m
  ã‚¢ã‚½ã‚·ã‚¨ãƒ¼ã‚·ãƒ§ãƒ³ã®ãƒ†ã‚¹ãƒˆ
    Userãƒ¢ãƒ‡ãƒ«ã¨ã®é–¢ä¿‚
[32m      N:1ã¨ãªã£ã¦ã„ã‚‹[0m
    Pãƒ¢ãƒ‡ãƒ«ã¨ã®é–¢ä¿‚
[31m      1:Nã¨ãªã£ã¦ã„ã‚‹ (FAILED - 5)[0m

Userãƒ¢ãƒ‡ãƒ«ã®ãƒ†ã‚¹ãƒˆ
  ãƒãƒªãƒ‡ãƒ¼ã‚·ãƒ§ãƒ³ã®ãƒ†ã‚¹ãƒˆ
    nameã‚«ãƒ©ãƒ 
[31m      ç©ºæ¬„ã§ãªã„ã“ã¨ (FAILED - 6)[0m
[31m      2æ–‡å­—ä»¥ä¸Šã§ã‚ã‚‹ã“ã¨: 1æ–‡å­—ã¯Ã— (FAILED - 7)[0m
[31m      2æ–‡å­—ä»¥ä¸Šã§ã‚ã‚‹ã“ã¨: 2æ–‡å­—ã¯ã€‡ (FAILED - 8)[0m
[31m      20æ–‡å­—ä»¥ä¸‹ã§ã‚ã‚‹ã“ã¨: 20æ–‡å­—ã¯ã€‡ (FAILED - 9)[0m
[31m      20æ–‡å­—ä»¥ä¸‹ã§ã‚ã‚‹ã“ã¨: 21æ–‡å­—ã¯Ã— (FAILED - 10)[0m
[31m      ä¸€æ„æ€§ãŒã‚ã‚‹ã“ã¨ (FAILED - 11)[0m
    introductionã‚«ãƒ©ãƒ 
[31m      50æ–‡å­—ä»¥ä¸‹ã§ã‚ã‚‹ã“ã¨: 50æ–‡å­—ã¯ã€‡ (FAILED - 12)[0m
[31m      50æ–‡å­—ä»¥ä¸‹ã§ã‚ã‚‹ã“ã¨: 51æ–‡å­—ã¯Ã— (FAILED - 13)[0m
  ã‚¢ã‚½ã‚·ã‚¨ãƒ¼ã‚·ãƒ§ãƒ³ã®ãƒ†ã‚¹ãƒˆ
    PostImageãƒ¢ãƒ‡ãƒ«ã¨ã®é–¢ä¿‚
[32m      1:Nã¨ãªã£ã¦ã„ã‚‹[0m

[STEP1] ãƒ¦ãƒ¼ã‚¶ãƒ­ã‚°ã‚¤ãƒ³å‰ã®ãƒ†ã‚¹ãƒˆ
  ãƒˆãƒƒãƒ—ç”»é¢ã®ãƒ†ã‚¹ãƒˆ
    è¡¨ç¤ºå†…å®¹ã®ç¢ºèª
[31m      URLãŒæ­£ã—ã„ (FAILED - 14)[0m
[31m      Log inãƒªãƒ³ã‚¯ãŒè¡¨ç¤ºã•ã‚Œã‚‹: é’è‰²ã®ãƒœã‚¿ãƒ³ã®è¡¨ç¤ºãŒã€ŒLog inã€ã§ã‚ã‚‹ (FAILED - 15)[0m
[31m      Log inãƒªãƒ³ã‚¯ã®å†…å®¹ãŒæ­£ã—ã„ (FAILED - 16)[0m
[31m      Sign upãƒªãƒ³ã‚¯ãŒè¡¨ç¤ºã•ã‚Œã‚‹: ç·‘è‰²ã®ãƒœã‚¿ãƒ³ã®è¡¨ç¤ºãŒã€ŒSign upã€ã§ã‚ã‚‹ (FAILED - 17)[0m
[31m      Sign upãƒªãƒ³ã‚¯ã®å†…å®¹ãŒæ­£ã—ã„ (FAILED - 18)[0m
  ã‚¢ãƒã‚¦ãƒˆç”»é¢ã®ãƒ†ã‚¹ãƒˆ
    è¡¨ç¤ºå†…å®¹ã®ç¢ºèª
[31m      URLãŒæ­£ã—ã„ (FAILED - 19)[0m

Failures:

  1) PostImageãƒ¢ãƒ‡ãƒ«ã®ãƒ†ã‚¹ãƒˆ ãƒãƒªãƒ‡ãƒ¼ã‚·ãƒ§ãƒ³ã®ãƒ†ã‚¹ãƒˆ shop_nameã‚«ãƒ©ãƒ  ç©ºæ¬„ã§ãªã„ã“ã¨
     [31mFailure/Error: let(:user) { create(:user) }[0m
     [31m[0m
     [31mNoMethodError:[0m
     [31m  undefined method `create' for #<RSpec::ExampleGroups::PostImage::Nested::ShopName:0x00000000050a3e30>[0m
     [36m# ./spec/models/post_image_spec.rb:7:in `block (3 levels) in <top (required)>'[0m
     [36m# ./spec/models/post_image_spec.rb:8:in `block (3 levels) in <top (required)>'[0m

  2) PostImageãƒ¢ãƒ‡ãƒ«ã®ãƒ†ã‚¹ãƒˆ ãƒãƒªãƒ‡ãƒ¼ã‚·ãƒ§ãƒ³ã®ãƒ†ã‚¹ãƒˆ captionã‚«ãƒ©ãƒ  ç©ºæ¬„ã§ãªã„ã“ã¨
     [31mFailure/Error: let(:user) { create(:user) }[0m
     [31m[0m
     [31mNoMethodError:[0m
     [31m  undefined method `create' for #<RSpec::ExampleGroups::PostImage::Nested::Caption:0x0000000005c43ab0>[0m
     [36m# ./spec/models/post_image_spec.rb:7:in `block (3 levels) in <top (required)>'[0m
     [36m# ./spec/models/post_image_spec.rb:8:in `block (3 levels) in <top (required)>'[0m

  3) PostImageãƒ¢ãƒ‡ãƒ«ã®ãƒ†ã‚¹ãƒˆ ãƒãƒªãƒ‡ãƒ¼ã‚·ãƒ§ãƒ³ã®ãƒ†ã‚¹ãƒˆ captionã‚«ãƒ©ãƒ  200æ–‡å­—ä»¥ä¸‹ã§ã‚ã‚‹ã“ã¨: 200æ–‡å­—ã¯ã€‡
     [31mFailure/Error: let(:user) { create(:user) }[0m
     [31m[0m
     [31mNoMethodError:[0m
     [31m  undefined method `create' for #<RSpec::ExampleGroups::PostImage::Nested::Caption:0x0000000005c55008>[0m
     [36m# ./spec/models/post_image_spec.rb:7:in `block (3 levels) in <top (required)>'[0m
     [36m# ./spec/models/post_image_spec.rb:8:in `block (3 levels) in <top (required)>'[0m

  4) PostImageãƒ¢ãƒ‡ãƒ«ã®ãƒ†ã‚¹ãƒˆ ãƒãƒªãƒ‡ãƒ¼ã‚·ãƒ§ãƒ³ã®ãƒ†ã‚¹ãƒˆ captionã‚«ãƒ©ãƒ  200æ–‡å­—ä»¥ä¸‹ã§ã‚ã‚‹ã“ã¨: 201æ–‡å­—ã¯Ã—
     [31mFailure/Error: let(:user) { create(:user) }[0m
     [31m[0m
     [31mNoMethodError:[0m
     [31m  undefined method `create' for #<RSpec::ExampleGroups::PostImage::Nested::Caption:0x0000000005c721d0>[0m
     [36m# ./spec/models/post_image_spec.rb:7:in `block (3 levels) in <top (required)>'[0m
     [36m# ./spec/models/post_image_spec.rb:8:in `block (3 levels) in <top (required)>'[0m

  5) PostImageãƒ¢ãƒ‡ãƒ«ã®ãƒ†ã‚¹ãƒˆ ã‚¢ã‚½ã‚·ã‚¨ãƒ¼ã‚·ãƒ§ãƒ³ã®ãƒ†ã‚¹ãƒˆ Pãƒ¢ãƒ‡ãƒ«ã¨ã®é–¢ä¿‚ 1:Nã¨ãªã£ã¦ã„ã‚‹
     [31mFailure/Error: expect(Recipe.reflect_on_association(:materials).macro).to eq :has_many[0m
     [31m[0m
     [31mNameError:[0m
     [31m  uninitialized constant Recipe[0m
     [36m# ./spec/models/post_image_spec.rb:42:in `block (4 levels) in <top (required)>'[0m

  6) Userãƒ¢ãƒ‡ãƒ«ã®ãƒ†ã‚¹ãƒˆ ãƒãƒªãƒ‡ãƒ¼ã‚·ãƒ§ãƒ³ã®ãƒ†ã‚¹ãƒˆ nameã‚«ãƒ©ãƒ  ç©ºæ¬„ã§ãªã„ã“ã¨
     [31mFailure/Error: let!(:other_user) { create(:user) }[0m
     [31m[0m
     [31mNoMethodError:[0m
     [31m  undefined method `create' for #<RSpec::ExampleGroups::User::Nested::Name:0x00000000066fd988>[0m
     [36m# ./spec/models/user_spec.rb:7:in `block (3 levels) in <main>'[0m

  7) Userãƒ¢ãƒ‡ãƒ«ã®ãƒ†ã‚¹ãƒˆ ãƒãƒªãƒ‡ãƒ¼ã‚·ãƒ§ãƒ³ã®ãƒ†ã‚¹ãƒˆ nameã‚«ãƒ©ãƒ  2æ–‡å­—ä»¥ä¸Šã§ã‚ã‚‹ã“ã¨: 1æ–‡å­—ã¯Ã—
     [31mFailure/Error: let!(:other_user) { create(:user) }[0m
     [31m[0m
     [31mNoMethodError:[0m
     [31m  undefined method `create' for #<RSpec::ExampleGroups::User::Nested::Name:0x000000000670f160>[0m
     [36m# ./spec/models/user_spec.rb:7:in `block (3 levels) in <main>'[0m

  8) Userãƒ¢ãƒ‡ãƒ«ã®ãƒ†ã‚¹ãƒˆ ãƒãƒªãƒ‡ãƒ¼ã‚·ãƒ§ãƒ³ã®ãƒ†ã‚¹ãƒˆ nameã‚«ãƒ©ãƒ  2æ–‡å­—ä»¥ä¸Šã§ã‚ã‚‹ã“ã¨: 2æ–‡å­—ã¯ã€‡
     [31mFailure/Error: let!(:other_user) { create(:user) }[0m
     [31m[0m
     [31mNoMethodError:[0m
     [31m  undefined method `create' for #<RSpec::ExampleGroups::User::Nested::Name:0x0000000006731940>[0m
     [36m# ./spec/models/user_spec.rb:7:in `block (3 levels) in <main>'[0m

  9) Userãƒ¢ãƒ‡ãƒ«ã®ãƒ†ã‚¹ãƒˆ ãƒãƒªãƒ‡ãƒ¼ã‚·ãƒ§ãƒ³ã®ãƒ†ã‚¹ãƒˆ nameã‚«ãƒ©ãƒ  20æ–‡å­—ä»¥ä¸‹ã§ã‚ã‚‹ã“ã¨: 20æ–‡å­—ã¯ã€‡
     [31mFailure/Error: let!(:other_user) { create(:user) }[0m
     [31m[0m
     [31mNoMethodError:[0m
     [31m  undefined method `create' for #<RSpec::ExampleGroups::User::Nested::Name:0x00000000067458f0>[0m
     [36m# ./spec/models/user_spec.rb:7:in `block (3 levels) in <main>'[0m

  10) Userãƒ¢ãƒ‡ãƒ«ã®ãƒ†ã‚¹ãƒˆ ãƒãƒªãƒ‡ãƒ¼ã‚·ãƒ§ãƒ³ã®ãƒ†ã‚¹ãƒˆ nameã‚«ãƒ©ãƒ  20æ–‡å­—ä»¥ä¸‹ã§ã‚ã‚‹ã“ã¨: 21æ–‡å­—ã¯Ã—
      [31mFailure/Error: let!(:other_user) { create(:user) }[0m
      [31m[0m
      [31mNoMethodError:[0m
      [31m  undefined method `create' for #<RSpec::ExampleGroups::User::Nested::Name:0x0000000006771d38>[0m
      [36m# ./spec/models/user_spec.rb:7:in `block (3 levels) in <main>'[0m

  11) Userãƒ¢ãƒ‡ãƒ«ã®ãƒ†ã‚¹ãƒˆ ãƒãƒªãƒ‡ãƒ¼ã‚·ãƒ§ãƒ³ã®ãƒ†ã‚¹ãƒˆ nameã‚«ãƒ©ãƒ  ä¸€æ„æ€§ãŒã‚ã‚‹ã“ã¨
      [31mFailure/Error: let!(:other_user) { create(:user) }[0m
      [31m[0m
      [31mNoMethodError:[0m
      [31m  undefined method `create' for #<RSpec::ExampleGroups::User::Nested::Name:0x000000000678a4c8>[0m
      [36m# ./spec/models/user_spec.rb:7:in `block (3 levels) in <main>'[0m

  12) Userãƒ¢ãƒ‡ãƒ«ã®ãƒ†ã‚¹ãƒˆ ãƒãƒªãƒ‡ãƒ¼ã‚·ãƒ§ãƒ³ã®ãƒ†ã‚¹ãƒˆ introductionã‚«ãƒ©ãƒ  50æ–‡å­—ä»¥ä¸‹ã§ã‚ã‚‹ã“ã¨: 50æ–‡å­—ã¯ã€‡
      [31mFailure/Error: let!(:other_user) { create(:user) }[0m
      [31m[0m
      [31mNoMethodError:[0m
      [31m  undefined method `create' for #<RSpec::ExampleGroups::User::Nested::Introduction:0x00000000067a5bd8>[0m
      [36m# ./spec/models/user_spec.rb:7:in `block (3 levels) in <main>'[0m

  13) Userãƒ¢ãƒ‡ãƒ«ã®ãƒ†ã‚¹ãƒˆ ãƒãƒªãƒ‡ãƒ¼ã‚·ãƒ§ãƒ³ã®ãƒ†ã‚¹ãƒˆ introductionã‚«ãƒ©ãƒ  50æ–‡å­—ä»¥ä¸‹ã§ã‚ã‚‹ã“ã¨: 51æ–‡å­—ã¯Ã—
      [31mFailure/Error: let!(:other_user) { create(:user) }[0m
      [31m[0m
      [31mNoMethodError:[0m
      [31m  undefined method `create' for #<RSpec::ExampleGroups::User::Nested::Introduction:0x00000000067ce1f0>[0m
      [36m# ./spec/models/user_spec.rb:7:in `block (3 levels) in <main>'[0m

  14) [STEP1] ãƒ¦ãƒ¼ã‚¶ãƒ­ã‚°ã‚¤ãƒ³å‰ã®ãƒ†ã‚¹ãƒˆ ãƒˆãƒƒãƒ—ç”»é¢ã®ãƒ†ã‚¹ãƒˆ è¡¨ç¤ºå†…å®¹ã®ç¢ºèª URLãŒæ­£ã—ã„
      [31mGot 0 failures and 2 other errors:[0m

      14.1) [31mFailure/Error: visit root_path[0m
            [31m[0m
            [31mSelenium::WebDriver::Error::WebDriverError:[0m
            [31m  unable to connect to /home/ec2-user/.rvm/gems/ruby-2.6.3/gems/chromedriver-helper-2.1.1/bin/chromedriver-helper 127.0.0.1:9515[0m
            [36m# /home/ec2-user/.rvm/gems/ruby-2.6.3/gems/selenium-webdriver-4.1.0/lib/selenium/webdriver/common/service_manager.rb:139:in `connect_until_stable'[0m
            [36m# /home/ec2-user/.rvm/gems/ruby-2.6.3/gems/selenium-webdriver-4.1.0/lib/selenium/webdriver/common/service_manager.rb:57:in `block in start'[0m
            [36m# /home/ec2-user/.rvm/gems/ruby-2.6.3/gems/selenium-webdriver-4.1.0/lib/selenium/webdriver/common/socket_lock.rb:41:in `locked'[0m
            [36m# /home/ec2-user/.rvm/gems/ruby-2.6.3/gems/selenium-webdriver-4.1.0/lib/selenium/webdriver/common/service_manager.rb:54:in `start'[0m
            [36m# /home/ec2-user/.rvm/gems/ruby-2.6.3/gems/selenium-webdriver-4.1.0/lib/selenium/webdriver/common/service.rb:84:in `launch'[0m
            [36m# /home/ec2-user/.rvm/gems/ruby-2.6.3/gems/selenium-webdriver-4.1.0/lib/selenium/webdriver/common/driver.rb:374:in `service_url'[0m
            [36m# /home/ec2-user/.rvm/gems/ruby-2.6.3/gems/selenium-webdriver-4.1.0/lib/selenium/webdriver/common/driver.rb:311:in `create_bridge'[0m
            [36m# /home/ec2-user/.rvm/gems/ruby-2.6.3/gems/selenium-webdriver-4.1.0/lib/selenium/webdriver/common/driver.rb:74:in `initialize'[0m
            [36m# /home/ec2-user/.rvm/gems/ruby-2.6.3/gems/selenium-webdriver-4.1.0/lib/selenium/webdriver/common/driver.rb:47:in `new'[0m
            [36m# /home/ec2-user/.rvm/gems/ruby-2.6.3/gems/selenium-webdriver-4.1.0/lib/selenium/webdriver/common/driver.rb:47:in `for'[0m
            [36m# /home/ec2-user/.rvm/gems/ruby-2.6.3/gems/selenium-webdriver-4.1.0/lib/selenium/webdriver.rb:88:in `for'[0m
            [36m# /home/ec2-user/.rvm/gems/ruby-2.6.3/gems/capybara-3.36.0/lib/capybara/selenium/driver.rb:83:in `browser'[0m
            [36m# /home/ec2-user/.rvm/gems/ruby-2.6.3/gems/capybara-3.36.0/lib/capybara/session.rb:104:in `driver'[0m
            [36m# /home/ec2-user/.rvm/gems/ruby-2.6.3/gems/capybara-3.36.0/lib/capybara/session.rb:90:in `initialize'[0m
            [36m# /home/ec2-user/.rvm/gems/ruby-2.6.3/gems/capybara-3.36.0/lib/capybara.rb:419:in `new'[0m
            [36m# /home/ec2-user/.rvm/gems/ruby-2.6.3/gems/capybara-3.36.0/lib/capybara.rb:419:in `block in session_pool'[0m
            [36m# /home/ec2-user/.rvm/gems/ruby-2.6.3/gems/capybara-3.36.0/lib/capybara.rb:315:in `current_session'[0m
            [36m# /home/ec2-user/.rvm/gems/ruby-2.6.3/gems/capybara-3.36.0/lib/capybara/dsl.rb:46:in `page'[0m
            [36m# /home/ec2-user/.rvm/gems/ruby-2.6.3/gems/capybara-3.36.0/lib/capybara/dsl.rb:58:in `block (2 levels) in <module:DSL>'[0m
            [36m# ./spec/system/01_before_login_spec.rb:6:in `block (3 levels) in <main>'[0m

      14.2) [31mFailure/Error: raise Error::WebDriverError, cannot_connect_error_text[0m
            [31m[0m
            [31mSelenium::WebDriver::Error::WebDriverError:[0m
            [31m  unable to connect to /home/ec2-user/.rvm/gems/ruby-2.6.3/gems/chromedriver-helper-2.1.1/bin/chromedriver-helper 127.0.0.1:9515[0m
            [36m# /home/ec2-user/.rvm/gems/ruby-2.6.3/gems/selenium-webdriver-4.1.0/lib/selenium/webdriver/common/service_manager.rb:139:in `connect_until_stable'[0m
            [36m# /home/ec2-user/.rvm/gems/ruby-2.6.3/gems/selenium-webdriver-4.1.0/lib/selenium/webdriver/common/service_manager.rb:57:in `block in start'[0m
            [36m# /home/ec2-user/.rvm/gems/ruby-2.6.3/gems/selenium-webdriver-4.1.0/lib/selenium/webdriver/common/socket_lock.rb:41:in `locked'[0m
            [36m# /home/ec2-user/.rvm/gems/ruby-2.6.3/gems/selenium-webdriver-4.1.0/lib/selenium/webdriver/common/service_manager.rb:54:in `start'[0m
            [36m# /home/ec2-user/.rvm/gems/ruby-2.6.3/gems/selenium-webdriver-4.1.0/lib/selenium/webdriver/common/service.rb:84:in `launch'[0m
            [36m# /home/ec2-user/.rvm/gems/ruby-2.6.3/gems/selenium-webdriver-4.1.0/lib/selenium/webdriver/common/driver.rb:374:in `service_url'[0m
            [36m# /home/ec2-user/.rvm/gems/ruby-2.6.3/gems/selenium-webdriver-4.1.0/lib/selenium/webdriver/common/driver.rb:311:in `create_bridge'[0m
            [36m# /home/ec2-user/.rvm/gems/ruby-2.6.3/gems/selenium-webdriver-4.1.0/lib/selenium/webdriver/common/driver.rb:74:in `initialize'[0m
            [36m# /home/ec2-user/.rvm/gems/ruby-2.6.3/gems/selenium-webdriver-4.1.0/lib/selenium/webdriver/common/driver.rb:47:in `new'[0m
            [36m# /home/ec2-user/.rvm/gems/ruby-2.6.3/gems/selenium-webdriver-4.1.0/lib/selenium/webdriver/common/driver.rb:47:in `for'[0m
            [36m# /home/ec2-user/.rvm/gems/ruby-2.6.3/gems/selenium-webdriver-4.1.0/lib/selenium/webdriver.rb:88:in `for'[0m
            [36m# /home/ec2-user/.rvm/gems/ruby-2.6.3/gems/capybara-3.36.0/lib/capybara/selenium/driver.rb:83:in `browser'[0m
            [36m# /home/ec2-user/.rvm/gems/ruby-2.6.3/gems/capybara-3.36.0/lib/capybara/session.rb:104:in `driver'[0m
            [36m# /home/ec2-user/.rvm/gems/ruby-2.6.3/gems/capybara-3.36.0/lib/capybara/session.rb:90:in `initialize'[0m
            [36m# /home/ec2-user/.rvm/gems/ruby-2.6.3/gems/capybara-3.36.0/lib/capybara.rb:419:in `new'[0m
            [36m# /home/ec2-user/.rvm/gems/ruby-2.6.3/gems/capybara-3.36.0/lib/capybara.rb:419:in `block in session_pool'[0m
            [36m# /home/ec2-user/.rvm/gems/ruby-2.6.3/gems/capybara-3.36.0/lib/capybara.rb:315:in `current_session'[0m
            [36m# /home/ec2-user/.rvm/gems/ruby-2.6.3/gems/capybara-3.36.0/lib/capybara/dsl.rb:46:in `page'[0m

  15) [STEP1] ãƒ¦ãƒ¼ã‚¶ãƒ­ã‚°ã‚¤ãƒ³å‰ã®ãƒ†ã‚¹ãƒˆ ãƒˆãƒƒãƒ—ç”»é¢ã®ãƒ†ã‚¹ãƒˆ è¡¨ç¤ºå†…å®¹ã®ç¢ºèª Log inãƒªãƒ³ã‚¯ãŒè¡¨ç¤ºã•ã‚Œã‚‹: é’è‰²ã®ãƒœã‚¿ãƒ³ã®è¡¨ç¤ºãŒã€ŒLog inã€ã§ã‚ã‚‹
      [31mGot 0 failures and 2 other errors:[0m

      15.1) [31mFailure/Error: visit root_path[0m
            [31m[0m
            [31mSelenium::WebDriver::Error::WebDriverError:[0m
            [31m  unable to connect to /home/ec2-user/.rvm/gems/ruby-2.6.3/gems/chromedriver-helper-2.1.1/bin/chromedriver-helper 127.0.0.1:9515[0m
            [36m# /home/ec2-user/.rvm/gems/ruby-2.6.3/gems/selenium-webdriver-4.1.0/lib/selenium/webdriver/common/service_manager.rb:139:in `connect_until_stable'[0m
            [36m# /home/ec2-user/.rvm/gems/ruby-2.6.3/gems/selenium-webdriver-4.1.0/lib/selenium/webdriver/common/service_manager.rb:57:in `block in start'[0m
            [36m# /home/ec2-user/.rvm/gems/ruby-2.6.3/gems/selenium-webdriver-4.1.0/lib/selenium/webdriver/common/socket_lock.rb:41:in `locked'[0m
            [36m# /home/ec2-user/.rvm/gems/ruby-2.6.3/gems/selenium-webdriver-4.1.0/lib/selenium/webdriver/common/service_manager.rb:54:in `start'[0m
            [36m# /home/ec2-user/.rvm/gems/ruby-2.6.3/gems/selenium-webdriver-4.1.0/lib/selenium/webdriver/common/service.rb:84:in `launch'[0m
            [36m# /home/ec2-user/.rvm/gems/ruby-2.6.3/gems/selenium-webdriver-4.1.0/lib/selenium/webdriver/common/driver.rb:374:in `service_url'[0m
            [36m# /home/ec2-user/.rvm/gems/ruby-2.6.3/gems/selenium-webdriver-4.1.0/lib/selenium/webdriver/common/driver.rb:311:in `create_bridge'[0m
            [36m# /home/ec2-user/.rvm/gems/ruby-2.6.3/gems/selenium-webdriver-4.1.0/lib/selenium/webdriver/common/driver.rb:74:in `initialize'[0m
            [36m# /home/ec2-user/.rvm/gems/ruby-2.6.3/gems/selenium-webdriver-4.1.0/lib/selenium/webdriver/common/driver.rb:47:in `new'[0m
            [36m# /home/ec2-user/.rvm/gems/ruby-2.6.3/gems/selenium-webdriver-4.1.0/lib/selenium/webdriver/common/driver.rb:47:in `for'[0m
            [36m# /home/ec2-user/.rvm/gems/ruby-2.6.3/gems/selenium-webdriver-4.1.0/lib/selenium/webdriver.rb:88:in `for'[0m
            [36m# /home/ec2-user/.rvm/gems/ruby-2.6.3/gems/capybara-3.36.0/lib/capybara/selenium/driver.rb:83:in `browser'[0m
            [36m# /home/ec2-user/.rvm/gems/ruby-2.6.3/gems/capybara-3.36.0/lib/capybara/session.rb:104:in `driver'[0m
            [36m# /home/ec2-user/.rvm/gems/ruby-2.6.3/gems/capybara-3.36.0/lib/capybara/session.rb:90:in `initialize'[0m
            [36m# /home/ec2-user/.rvm/gems/ruby-2.6.3/gems/capybara-3.36.0/lib/capybara.rb:419:in `new'[0m
            [36m# /home/ec2-user/.rvm/gems/ruby-2.6.3/gems/capybara-3.36.0/lib/capybara.rb:419:in `block in session_pool'[0m
            [36m# /home/ec2-user/.rvm/gems/ruby-2.6.3/gems/capybara-3.36.0/lib/capybara.rb:315:in `current_session'[0m
            [36m# /home/ec2-user/.rvm/gems/ruby-2.6.3/gems/capybara-3.36.0/lib/capybara/dsl.rb:46:in `page'[0m
            [36m# /home/ec2-user/.rvm/gems/ruby-2.6.3/gems/capybara-3.36.0/lib/capybara/dsl.rb:58:in `block (2 levels) in <module:DSL>'[0m
            [36m# ./spec/system/01_before_login_spec.rb:6:in `block (3 levels) in <main>'[0m

      15.2) [31mFailure/Error: raise Error::WebDriverError, cannot_connect_error_text[0m
            [31m[0m
            [31mSelenium::WebDriver::Error::WebDriverError:[0m
            [31m  unable to connect to /home/ec2-user/.rvm/gems/ruby-2.6.3/gems/chromedriver-helper-2.1.1/bin/chromedriver-helper 127.0.0.1:9515[0m
            [36m# /home/ec2-user/.rvm/gems/ruby-2.6.3/gems/selenium-webdriver-4.1.0/lib/selenium/webdriver/common/service_manager.rb:139:in `connect_until_stable'[0m
            [36m# /home/ec2-user/.rvm/gems/ruby-2.6.3/gems/selenium-webdriver-4.1.0/lib/selenium/webdriver/common/service_manager.rb:57:in `block in start'[0m
            [36m# /home/ec2-user/.rvm/gems/ruby-2.6.3/gems/selenium-webdriver-4.1.0/lib/selenium/webdriver/common/socket_lock.rb:41:in `locked'[0m
            [36m# /home/ec2-user/.rvm/gems/ruby-2.6.3/gems/selenium-webdriver-4.1.0/lib/selenium/webdriver/common/service_manager.rb:54:in `start'[0m
            [36m# /home/ec2-user/.rvm/gems/ruby-2.6.3/gems/selenium-webdriver-4.1.0/lib/selenium/webdriver/common/service.rb:84:in `launch'[0m
            [36m# /home/ec2-user/.rvm/gems/ruby-2.6.3/gems/selenium-webdriver-4.1.0/lib/selenium/webdriver/common/driver.rb:374:in `service_url'[0m
            [36m# /home/ec2-user/.rvm/gems/ruby-2.6.3/gems/selenium-webdriver-4.1.0/lib/selenium/webdriver/common/driver.rb:311:in `create_bridge'[0m
            [36m# /home/ec2-user/.rvm/gems/ruby-2.6.3/gems/selenium-webdriver-4.1.0/lib/selenium/webdriver/common/driver.rb:74:in `initialize'[0m
            [36m# /home/ec2-user/.rvm/gems/ruby-2.6.3/gems/selenium-webdriver-4.1.0/lib/selenium/webdriver/common/driver.rb:47:in `new'[0m
            [36m# /home/ec2-user/.rvm/gems/ruby-2.6.3/gems/selenium-webdriver-4.1.0/lib/selenium/webdriver/common/driver.rb:47:in `for'[0m
            [36m# /home/ec2-user/.rvm/gems/ruby-2.6.3/gems/selenium-webdriver-4.1.0/lib/selenium/webdriver.rb:88:in `for'[0m
            [36m# /home/ec2-user/.rvm/gems/ruby-2.6.3/gems/capybara-3.36.0/lib/capybara/selenium/driver.rb:83:in `browser'[0m
            [36m# /home/ec2-user/.rvm/gems/ruby-2.6.3/gems/capybara-3.36.0/lib/capybara/session.rb:104:in `driver'[0m
            [36m# /home/ec2-user/.rvm/gems/ruby-2.6.3/gems/capybara-3.36.0/lib/capybara/session.rb:90:in `initialize'[0m
            [36m# /home/ec2-user/.rvm/gems/ruby-2.6.3/gems/capybara-3.36.0/lib/capybara.rb:419:in `new'[0m
            [36m# /home/ec2-user/.rvm/gems/ruby-2.6.3/gems/capybara-3.36.0/lib/capybara.rb:419:in `block in session_pool'[0m
            [36m# /home/ec2-user/.rvm/gems/ruby-2.6.3/gems/capybara-3.36.0/lib/capybara.rb:315:in `current_session'[0m
            [36m# /home/ec2-user/.rvm/gems/ruby-2.6.3/gems/capybara-3.36.0/lib/capybara/dsl.rb:46:in `page'[0m

  16) [STEP1] ãƒ¦ãƒ¼ã‚¶ãƒ­ã‚°ã‚¤ãƒ³å‰ã®ãƒ†ã‚¹ãƒˆ ãƒˆãƒƒãƒ—ç”»é¢ã®ãƒ†ã‚¹ãƒˆ è¡¨ç¤ºå†…å®¹ã®ç¢ºèª Log inãƒªãƒ³ã‚¯ã®å†…å®¹ãŒæ­£ã—ã„
      [31mGot 0 failures and 2 other errors:[0m

      16.1) [31mFailure/Error: visit root_path[0m
            [31m[0m
            [31mSelenium::WebDriver::Error::WebDriverError:[0m
            [31m  unable to connect to /home/ec2-user/.rvm/gems/ruby-2.6.3/gems/chromedriver-helper-2.1.1/bin/chromedriver-helper 127.0.0.1:9515[0m
            [36m# /home/ec2-user/.rvm/gems/ruby-2.6.3/gems/selenium-webdriver-4.1.0/lib/selenium/webdriver/common/service_manager.rb:139:in `connect_until_stable'[0m
            [36m# /home/ec2-user/.rvm/gems/ruby-2.6.3/gems/selenium-webdriver-4.1.0/lib/selenium/webdriver/common/service_manager.rb:57:in `block in start'[0m
            [36m# /home/ec2-user/.rvm/gems/ruby-2.6.3/gems/selenium-webdriver-4.1.0/lib/selenium/webdriver/common/socket_lock.rb:41:in `locked'[0m
            [36m# /home/ec2-user/.rvm/gems/ruby-2.6.3/gems/selenium-webdriver-4.1.0/lib/selenium/webdriver/common/service_manager.rb:54:in `start'[0m
            [36m# /home/ec2-user/.rvm/gems/ruby-2.6.3/gems/selenium-webdriver-4.1.0/lib/selenium/webdriver/common/service.rb:84:in `launch'[0m
            [36m# /home/ec2-user/.rvm/gems/ruby-2.6.3/gems/selenium-webdriver-4.1.0/lib/selenium/webdriver/common/driver.rb:374:in `service_url'[0m
            [36m# /home/ec2-user/.rvm/gems/ruby-2.6.3/gems/selenium-webdriver-4.1.0/lib/selenium/webdriver/common/driver.rb:311:in `create_bridge'[0m
            [36m# /home/ec2-user/.rvm/gems/ruby-2.6.3/gems/selenium-webdriver-4.1.0/lib/selenium/webdriver/common/driver.rb:74:in `initialize'[0m
            [36m# /home/ec2-user/.rvm/gems/ruby-2.6.3/gems/selenium-webdriver-4.1.0/lib/selenium/webdriver/common/driver.rb:47:in `new'[0m
            [36m# /home/ec2-user/.rvm/gems/ruby-2.6.3/gems/selenium-webdriver-4.1.0/lib/selenium/webdriver/common/driver.rb:47:in `for'[0m
            [36m# /home/ec2-user/.rvm/gems/ruby-2.6.3/gems/selenium-webdriver-4.1.0/lib/selenium/webdriver.rb:88:in `for'[0m
            [36m# /home/ec2-user/.rvm/gems/ruby-2.6.3/gems/capybara-3.36.0/lib/capybara/selenium/driver.rb:83:in `browser'[0m
            [36m# /home/ec2-user/.rvm/gems/ruby-2.6.3/gems/capybara-3.36.0/lib/capybara/session.rb:104:in `driver'[0m
            [36m# /home/ec2-user/.rvm/gems/ruby-2.6.3/gems/capybara-3.36.0/lib/capybara/session.rb:90:in `initialize'[0m
            [36m# /home/ec2-user/.rvm/gems/ruby-2.6.3/gems/capybara-3.36.0/lib/capybara.rb:419:in `new'[0m
            [36m# /home/ec2-user/.rvm/gems/ruby-2.6.3/gems/capybara-3.36.0/lib/capybara.rb:419:in `block in session_pool'[0m
            [36m# /home/ec2-user/.rvm/gems/ruby-2.6.3/gems/capybara-3.36.0/lib/capybara.rb:315:in `current_session'[0m
            [36m# /home/ec2-user/.rvm/gems/ruby-2.6.3/gems/capybara-3.36.0/lib/capybara/dsl.rb:46:in `page'[0m
            [36m# /home/ec2-user/.rvm/gems/ruby-2.6.3/gems/capybara-3.36.0/lib/capybara/dsl.rb:58:in `block (2 levels) in <module:DSL>'[0m
            [36m# ./spec/system/01_before_login_spec.rb:6:in `block (3 levels) in <main>'[0m

      16.2) [31mFailure/Error: raise Error::WebDriverError, cannot_connect_error_text[0m
            [31m[0m
            [31mSelenium::WebDriver::Error::WebDriverError:[0m
            [31m  unable to connect to /home/ec2-user/.rvm/gems/ruby-2.6.3/gems/chromedriver-helper-2.1.1/bin/chromedriver-helper 127.0.0.1:9515[0m
            [36m# /home/ec2-user/.rvm/gems/ruby-2.6.3/gems/selenium-webdriver-4.1.0/lib/selenium/webdriver/common/service_manager.rb:139:in `connect_until_stable'[0m
            [36m# /home/ec2-user/.rvm/gems/ruby-2.6.3/gems/selenium-webdriver-4.1.0/lib/selenium/webdriver/common/service_manager.rb:57:in `block in start'[0m
            [36m# /home/ec2-user/.rvm/gems/ruby-2.6.3/gems/selenium-webdriver-4.1.0/lib/selenium/webdriver/common/socket_lock.rb:41:in `locked'[0m
            [36m# /home/ec2-user/.rvm/gems/ruby-2.6.3/gems/selenium-webdriver-4.1.0/lib/selenium/webdriver/common/service_manager.rb:54:in `start'[0m
            [36m# /home/ec2-user/.rvm/gems/ruby-2.6.3/gems/selenium-webdriver-4.1.0/lib/selenium/webdriver/common/service.rb:84:in `launch'[0m
            [36m# /home/ec2-user/.rvm/gems/ruby-2.6.3/gems/selenium-webdriver-4.1.0/lib/selenium/webdriver/common/driver.rb:374:in `service_url'[0m
            [36m# /home/ec2-user/.rvm/gems/ruby-2.6.3/gems/selenium-webdriver-4.1.0/lib/selenium/webdriver/common/driver.rb:311:in `create_bridge'[0m
            [36m# /home/ec2-user/.rvm/gems/ruby-2.6.3/gems/selenium-webdriver-4.1.0/lib/selenium/webdriver/common/driver.rb:74:in `initialize'[0m
            [36m# /home/ec2-user/.rvm/gems/ruby-2.6.3/gems/selenium-webdriver-4.1.0/lib/selenium/webdriver/common/driver.rb:47:in `new'[0m
            [36m# /home/ec2-user/.rvm/gems/ruby-2.6.3/gems/selenium-webdriver-4.1.0/lib/selenium/webdriver/common/driver.rb:47:in `for'[0m
            [36m# /home/ec2-user/.rvm/gems/ruby-2.6.3/gems/selenium-webdriver-4.1.0/lib/selenium/webdriver.rb:88:in `for'[0m
            [36m# /home/ec2-user/.rvm/gems/ruby-2.6.3/gems/capybara-3.36.0/lib/capybara/selenium/driver.rb:83:in `browser'[0m
            [36m# /home/ec2-user/.rvm/gems/ruby-2.6.3/gems/capybara-3.36.0/lib/capybara/session.rb:104:in `driver'[0m
            [36m# /home/ec2-user/.rvm/gems/ruby-2.6.3/gems/capybara-3.36.0/lib/capybara/session.rb:90:in `initialize'[0m
            [36m# /home/ec2-user/.rvm/gems/ruby-2.6.3/gems/capybara-3.36.0/lib/capybara.rb:419:in `new'[0m
            [36m# /home/ec2-user/.rvm/gems/ruby-2.6.3/gems/capybara-3.36.0/lib/capybara.rb:419:in `block in session_pool'[0m
            [36m# /home/ec2-user/.rvm/gems/ruby-2.6.3/gems/capybara-3.36.0/lib/capybara.rb:315:in `current_session'[0m
            [36m# /home/ec2-user/.rvm/gems/ruby-2.6.3/gems/capybara-3.36.0/lib/capybara/dsl.rb:46:in `page'[0m

  17) [STEP1] ãƒ¦ãƒ¼ã‚¶ãƒ­ã‚°ã‚¤ãƒ³å‰ã®ãƒ†ã‚¹ãƒˆ ãƒˆãƒƒãƒ—ç”»é¢ã®ãƒ†ã‚¹ãƒˆ è¡¨ç¤ºå†…å®¹ã®ç¢ºèª Sign upãƒªãƒ³ã‚¯ãŒè¡¨ç¤ºã•ã‚Œã‚‹: ç·‘è‰²ã®ãƒœã‚¿ãƒ³ã®è¡¨ç¤ºãŒã€ŒSign upã€ã§ã‚ã‚‹
      [31mGot 0 failures and 2 other errors:[0m

      17.1) [31mFailure/Error: visit root_path[0m
            [31m[0m
            [31mSelenium::WebDriver::Error::WebDriverError:[0m
            [31m  unable to connect to /home/ec2-user/.rvm/gems/ruby-2.6.3/gems/chromedriver-helper-2.1.1/bin/chromedriver-helper 127.0.0.1:9515[0m
            [36m# /home/ec2-user/.rvm/gems/ruby-2.6.3/gems/selenium-webdriver-4.1.0/lib/selenium/webdriver/common/service_manager.rb:139:in `connect_until_stable'[0m
            [36m# /home/ec2-user/.rvm/gems/ruby-2.6.3/gems/selenium-webdriver-4.1.0/lib/selenium/webdriver/common/service_manager.rb:57:in `block in start'[0m
            [36m# /home/ec2-user/.rvm/gems/ruby-2.6.3/gems/selenium-webdriver-4.1.0/lib/selenium/webdriver/common/socket_lock.rb:41:in `locked'[0m
            [36m# /home/ec2-user/.rvm/gems/ruby-2.6.3/gems/selenium-webdriver-4.1.0/lib/selenium/webdriver/common/service_manager.rb:54:in `start'[0m
            [36m# /home/ec2-user/.rvm/gems/ruby-2.6.3/gems/selenium-webdriver-4.1.0/lib/selenium/webdriver/common/service.rb:84:in `launch'[0m
            [36m# /home/ec2-user/.rvm/gems/ruby-2.6.3/gems/selenium-webdriver-4.1.0/lib/selenium/webdriver/common/driver.rb:374:in `service_url'[0m
            [36m# /home/ec2-user/.rvm/gems/ruby-2.6.3/gems/selenium-webdriver-4.1.0/lib/selenium/webdriver/common/driver.rb:311:in `create_bridge'[0m
            [36m# /home/ec2-user/.rvm/gems/ruby-2.6.3/gems/selenium-webdriver-4.1.0/lib/selenium/webdriver/common/driver.rb:74:in `initialize'[0m
            [36m# /home/ec2-user/.rvm/gems/ruby-2.6.3/gems/selenium-webdriver-4.1.0/lib/selenium/webdriver/common/driver.rb:47:in `new'[0m
            [36m# /home/ec2-user/.rvm/gems/ruby-2.6.3/gems/selenium-webdriver-4.1.0/lib/selenium/webdriver/common/driver.rb:47:in `for'[0m
            [36m# /home/ec2-user/.rvm/gems/ruby-2.6.3/gems/selenium-webdriver-4.1.0/lib/selenium/webdriver.rb:88:in `for'[0m
            [36m# /home/ec2-user/.rvm/gems/ruby-2.6.3/gems/capybara-3.36.0/lib/capybara/selenium/driver.rb:83:in `browser'[0m
            [36m# /home/ec2-user/.rvm/gems/ruby-2.6.3/gems/capybara-3.36.0/lib/capybara/session.rb:104:in `driver'[0m
            [36m# /home/ec2-user/.rvm/gems/ruby-2.6.3/gems/capybara-3.36.0/lib/capybara/session.rb:90:in `initialize'[0m
            [36m# /home/ec2-user/.rvm/gems/ruby-2.6.3/gems/capybara-3.36.0/lib/capybara.rb:419:in `new'[0m
            [36m# /home/ec2-user/.rvm/gems/ruby-2.6.3/gems/capybara-3.36.0/lib/capybara.rb:419:in `block in session_pool'[0m
            [36m# /home/ec2-user/.rvm/gems/ruby-2.6.3/gems/capybara-3.36.0/lib/capybara.rb:315:in `current_session'[0m
            [36m# /home/ec2-user/.rvm/gems/ruby-2.6.3/gems/capybara-3.36.0/lib/capybara/dsl.rb:46:in `page'[0m
            [36m# /home/ec2-user/.rvm/gems/ruby-2.6.3/gems/capybara-3.36.0/lib/capybara/dsl.rb:58:in `block (2 levels) in <module:DSL>'[0m
            [36m# ./spec/system/01_before_login_spec.rb:6:in `block (3 levels) in <main>'[0m

      17.2) [31mFailure/Error: raise Error::WebDriverError, cannot_connect_error_text[0m
            [31m[0m
            [31mSelenium::WebDriver::Error::WebDriverError:[0m
            [31m  unable to connect to /home/ec2-user/.rvm/gems/ruby-2.6.3/gems/chromedriver-helper-2.1.1/bin/chromedriver-helper 127.0.0.1:9515[0m
            [36m# /home/ec2-user/.rvm/gems/ruby-2.6.3/gems/selenium-webdriver-4.1.0/lib/selenium/webdriver/common/service_manager.rb:139:in `connect_until_stable'[0m
            [36m# /home/ec2-user/.rvm/gems/ruby-2.6.3/gems/selenium-webdriver-4.1.0/lib/selenium/webdriver/common/service_manager.rb:57:in `block in start'[0m
            [36m# /home/ec2-user/.rvm/gems/ruby-2.6.3/gems/selenium-webdriver-4.1.0/lib/selenium/webdriver/common/socket_lock.rb:41:in `locked'[0m
            [36m# /home/ec2-user/.rvm/gems/ruby-2.6.3/gems/selenium-webdriver-4.1.0/lib/selenium/webdriver/common/service_manager.rb:54:in `start'[0m
            [36m# /home/ec2-user/.rvm/gems/ruby-2.6.3/gems/selenium-webdriver-4.1.0/lib/selenium/webdriver/common/service.rb:84:in `launch'[0m
            [36m# /home/ec2-user/.rvm/gems/ruby-2.6.3/gems/selenium-webdriver-4.1.0/lib/selenium/webdriver/common/driver.rb:374:in `service_url'[0m
            [36m# /home/ec2-user/.rvm/gems/ruby-2.6.3/gems/selenium-webdriver-4.1.0/lib/selenium/webdriver/common/driver.rb:311:in `create_bridge'[0m
            [36m# /home/ec2-user/.rvm/gems/ruby-2.6.3/gems/selenium-webdriver-4.1.0/lib/selenium/webdriver/common/driver.rb:74:in `initialize'[0m
            [36m# /home/ec2-user/.rvm/gems/ruby-2.6.3/gems/selenium-webdriver-4.1.0/lib/selenium/webdriver/common/driver.rb:47:in `new'[0m
            [36m# /home/ec2-user/.rvm/gems/ruby-2.6.3/gems/selenium-webdriver-4.1.0/lib/selenium/webdriver/common/driver.rb:47:in `for'[0m
            [36m# /home/ec2-user/.rvm/gems/ruby-2.6.3/gems/selenium-webdriver-4.1.0/lib/selenium/webdriver.rb:88:in `for'[0m
            [36m# /home/ec2-user/.rvm/gems/ruby-2.6.3/gems/capybara-3.36.0/lib/capybara/selenium/driver.rb:83:in `browser'[0m
            [36m# /home/ec2-user/.rvm/gems/ruby-2.6.3/gems/capybara-3.36.0/lib/capybara/session.rb:104:in `driver'[0m
            [36m# /home/ec2-user/.rvm/gems/ruby-2.6.3/gems/capybara-3.36.0/lib/capybara/session.rb:90:in `initialize'[0m
            [36m# /home/ec2-user/.rvm/gems/ruby-2.6.3/gems/capybara-3.36.0/lib/capybara.rb:419:in `new'[0m
            [36m# /home/ec2-user/.rvm/gems/ruby-2.6.3/gems/capybara-3.36.0/lib/capybara.rb:419:in `block in session_pool'[0m
            [36m# /home/ec2-user/.rvm/gems/ruby-2.6.3/gems/capybara-3.36.0/lib/capybara.rb:315:in `current_session'[0m
            [36m# /home/ec2-user/.rvm/gems/ruby-2.6.3/gems/capybara-3.36.0/lib/capybara/dsl.rb:46:in `page'[0m

  18) [STEP1] ãƒ¦ãƒ¼ã‚¶ãƒ­ã‚°ã‚¤ãƒ³å‰ã®ãƒ†ã‚¹ãƒˆ ãƒˆãƒƒãƒ—ç”»é¢ã®ãƒ†ã‚¹ãƒˆ è¡¨ç¤ºå†…å®¹ã®ç¢ºèª Sign upãƒªãƒ³ã‚¯ã®å†…å®¹ãŒæ­£ã—ã„
      [31mGot 0 failures and 2 other errors:[0m

      18.1) [31mFailure/Error: visit root_path[0m
            [31m[0m
            [31mSelenium::WebDriver::Error::WebDriverError:[0m
            [31m  unable to connect to /home/ec2-user/.rvm/gems/ruby-2.6.3/gems/chromedriver-helper-2.1.1/bin/chromedriver-helper 127.0.0.1:9515[0m
            [36m# /home/ec2-user/.rvm/gems/ruby-2.6.3/gems/selenium-webdriver-4.1.0/lib/selenium/webdriver/common/service_manager.rb:139:in `connect_until_stable'[0m
            [36m# /home/ec2-user/.rvm/gems/ruby-2.6.3/gems/selenium-webdriver-4.1.0/lib/selenium/webdriver/common/service_manager.rb:57:in `block in start'[0m
            [36m# /home/ec2-user/.rvm/gems/ruby-2.6.3/gems/selenium-webdriver-4.1.0/lib/selenium/webdriver/common/socket_lock.rb:41:in `locked'[0m
            [36m# /home/ec2-user/.rvm/gems/ruby-2.6.3/gems/selenium-webdriver-4.1.0/lib/selenium/webdriver/common/service_manager.rb:54:in `start'[0m
            [36m# /home/ec2-user/.rvm/gems/ruby-2.6.3/gems/selenium-webdriver-4.1.0/lib/selenium/webdriver/common/service.rb:84:in `launch'[0m
            [36m# /home/ec2-user/.rvm/gems/ruby-2.6.3/gems/selenium-webdriver-4.1.0/lib/selenium/webdriver/common/driver.rb:374:in `service_url'[0m
            [36m# /home/ec2-user/.rvm/gems/ruby-2.6.3/gems/selenium-webdriver-4.1.0/lib/selenium/webdriver/common/driver.rb:311:in `create_bridge'[0m
            [36m# /home/ec2-user/.rvm/gems/ruby-2.6.3/gems/selenium-webdriver-4.1.0/lib/selenium/webdriver/common/driver.rb:74:in `initialize'[0m
            [36m# /home/ec2-user/.rvm/gems/ruby-2.6.3/gems/selenium-webdriver-4.1.0/lib/selenium/webdriver/common/driver.rb:47:in `new'[0m
            [36m# /home/ec2-user/.rvm/gems/ruby-2.6.3/gems/selenium-webdriver-4.1.0/lib/selenium/webdriver/common/driver.rb:47:in `for'[0m
            [36m# /home/ec2-user/.rvm/gems/ruby-2.6.3/gems/selenium-webdriver-4.1.0/lib/selenium/webdriver.rb:88:in `for'[0m
            [36m# /home/ec2-user/.rvm/gems/ruby-2.6.3/gems/capybara-3.36.0/lib/capybara/selenium/driver.rb:83:in `browser'[0m
            [36m# /home/ec2-user/.rvm/gems/ruby-2.6.3/gems/capybara-3.36.0/lib/capybara/session.rb:104:in `driver'[0m
            [36m# /home/ec2-user/.rvm/gems/ruby-2.6.3/gems/capybara-3.36.0/lib/capybara/session.rb:90:in `initialize'[0m
            [36m# /home/ec2-user/.rvm/gems/ruby-2.6.3/gems/capybara-3.36.0/lib/capybara.rb:419:in `new'[0m
            [36m# /home/ec2-user/.rvm/gems/ruby-2.6.3/gems/capybara-3.36.0/lib/capybara.rb:419:in `block in session_pool'[0m
            [36m# /home/ec2-user/.rvm/gems/ruby-2.6.3/gems/capybara-3.36.0/lib/capybara.rb:315:in `current_session'[0m
            [36m# /home/ec2-user/.rvm/gems/ruby-2.6.3/gems/capybara-3.36.0/lib/capybara/dsl.rb:46:in `page'[0m
            [36m# /home/ec2-user/.rvm/gems/ruby-2.6.3/gems/capybara-3.36.0/lib/capybara/dsl.rb:58:in `block (2 levels) in <module:DSL>'[0m
            [36m# ./spec/system/01_before_login_spec.rb:6:in `block (3 levels) in <main>'[0m

      18.2) [31mFailure/Error: raise Error::WebDriverError, cannot_connect_error_text[0m
            [31m[0m
            [31mSelenium::WebDriver::Error::WebDriverError:[0m
            [31m  unable to connect to /home/ec2-user/.rvm/gems/ruby-2.6.3/gems/chromedriver-helper-2.1.1/bin/chromedriver-helper 127.0.0.1:9515[0m
            [36m# /home/ec2-user/.rvm/gems/ruby-2.6.3/gems/selenium-webdriver-4.1.0/lib/selenium/webdriver/common/service_manager.rb:139:in `connect_until_stable'[0m
            [36m# /home/ec2-user/.rvm/gems/ruby-2.6.3/gems/selenium-webdriver-4.1.0/lib/selenium/webdriver/common/service_manager.rb:57:in `block in start'[0m
            [36m# /home/ec2-user/.rvm/gems/ruby-2.6.3/gems/selenium-webdriver-4.1.0/lib/selenium/webdriver/common/socket_lock.rb:41:in `locked'[0m
            [36m# /home/ec2-user/.rvm/gems/ruby-2.6.3/gems/selenium-webdriver-4.1.0/lib/selenium/webdriver/common/service_manager.rb:54:in `start'[0m
            [36m# /home/ec2-user/.rvm/gems/ruby-2.6.3/gems/selenium-webdriver-4.1.0/lib/selenium/webdriver/common/service.rb:84:in `launch'[0m
            [36m# /home/ec2-user/.rvm/gems/ruby-2.6.3/gems/selenium-webdriver-4.1.0/lib/selenium/webdriver/common/driver.rb:374:in `service_url'[0m
            [36m# /home/ec2-user/.rvm/gems/ruby-2.6.3/gems/selenium-webdriver-4.1.0/lib/selenium/webdriver/common/driver.rb:311:in `create_bridge'[0m
            [36m# /home/ec2-user/.rvm/gems/ruby-2.6.3/gems/selenium-webdriver-4.1.0/lib/selenium/webdriver/common/driver.rb:74:in `initialize'[0m
            [36m# /home/ec2-user/.rvm/gems/ruby-2.6.3/gems/selenium-webdriver-4.1.0/lib/selenium/webdriver/common/driver.rb:47:in `new'[0m
            [36m# /home/ec2-user/.rvm/gems/ruby-2.6.3/gems/selenium-webdriver-4.1.0/lib/selenium/webdriver/common/driver.rb:47:in `for'[0m
            [36m# /home/ec2-user/.rvm/gems/ruby-2.6.3/gems/selenium-webdriver-4.1.0/lib/selenium/webdriver.rb:88:in `for'[0m
            [36m# /home/ec2-user/.rvm/gems/ruby-2.6.3/gems/capybara-3.36.0/lib/capybara/selenium/driver.rb:83:in `browser'[0m
            [36m# /home/ec2-user/.rvm/gems/ruby-2.6.3/gems/capybara-3.36.0/lib/capybara/session.rb:104:in `driver'[0m
            [36m# /home/ec2-user/.rvm/gems/ruby-2.6.3/gems/capybara-3.36.0/lib/capybara/session.rb:90:in `initialize'[0m
            [36m# /home/ec2-user/.rvm/gems/ruby-2.6.3/gems/capybara-3.36.0/lib/capybara.rb:419:in `new'[0m
            [36m# /home/ec2-user/.rvm/gems/ruby-2.6.3/gems/capybara-3.36.0/lib/capybara.rb:419:in `block in session_pool'[0m
            [36m# /home/ec2-user/.rvm/gems/ruby-2.6.3/gems/capybara-3.36.0/lib/capybara.rb:315:in `current_session'[0m
            [36m# /home/ec2-user/.rvm/gems/ruby-2.6.3/gems/capybara-3.36.0/lib/capybara/dsl.rb:46:in `page'[0m

  19) [STEP1] ãƒ¦ãƒ¼ã‚¶ãƒ­ã‚°ã‚¤ãƒ³å‰ã®ãƒ†ã‚¹ãƒˆ ã‚¢ãƒã‚¦ãƒˆç”»é¢ã®ãƒ†ã‚¹ãƒˆ è¡¨ç¤ºå†…å®¹ã®ç¢ºèª URLãŒæ­£ã—ã„
      [31mGot 0 failures and 2 other errors:[0m

      19.1) [31mFailure/Error: visit '/home/about'[0m
            [31m[0m
            [31mSelenium::WebDriver::Error::WebDriverError:[0m
            [31m  unable to connect to /home/ec2-user/.rvm/gems/ruby-2.6.3/gems/chromedriver-helper-2.1.1/bin/chromedriver-helper 127.0.0.1:9515[0m
            [36m# /home/ec2-user/.rvm/gems/ruby-2.6.3/gems/selenium-webdriver-4.1.0/lib/selenium/webdriver/common/service_manager.rb:139:in `connect_until_stable'[0m
            [36m# /home/ec2-user/.rvm/gems/ruby-2.6.3/gems/selenium-webdriver-4.1.0/lib/selenium/webdriver/common/service_manager.rb:57:in `block in start'[0m
            [36m# /home/ec2-user/.rvm/gems/ruby-2.6.3/gems/selenium-webdriver-4.1.0/lib/selenium/webdriver/common/socket_lock.rb:41:in `locked'[0m
            [36m# /home/ec2-user/.rvm/gems/ruby-2.6.3/gems/selenium-webdriver-4.1.0/lib/selenium/webdriver/common/service_manager.rb:54:in `start'[0m
            [36m# /home/ec2-user/.rvm/gems/ruby-2.6.3/gems/selenium-webdriver-4.1.0/lib/selenium/webdriver/common/service.rb:84:in `launch'[0m
            [36m# /home/ec2-user/.rvm/gems/ruby-2.6.3/gems/selenium-webdriver-4.1.0/lib/selenium/webdriver/common/driver.rb:374:in `service_url'[0m
            [36m# /home/ec2-user/.rvm/gems/ruby-2.6.3/gems/selenium-webdriver-4.1.0/lib/selenium/webdriver/common/driver.rb:311:in `create_bridge'[0m
            [36m# /home/ec2-user/.rvm/gems/ruby-2.6.3/gems/selenium-webdriver-4.1.0/lib/selenium/webdriver/common/driver.rb:74:in `initialize'[0m
            [36m# /home/ec2-user/.rvm/gems/ruby-2.6.3/gems/selenium-webdriver-4.1.0/lib/selenium/webdriver/common/driver.rb:47:in `new'[0m
            [36m# /home/ec2-user/.rvm/gems/ruby-2.6.3/gems/selenium-webdriver-4.1.0/lib/selenium/webdriver/common/driver.rb:47:in `for'[0m
            [36m# /home/ec2-user/.rvm/gems/ruby-2.6.3/gems/selenium-webdriver-4.1.0/lib/selenium/webdriver.rb:88:in `for'[0m
            [36m# /home/ec2-user/.rvm/gems/ruby-2.6.3/gems/capybara-3.36.0/lib/capybara/selenium/driver.rb:83:in `browser'[0m
            [36m# /home/ec2-user/.rvm/gems/ruby-2.6.3/gems/capybara-3.36.0/lib/capybara/session.rb:104:in `driver'[0m
            [36m# /home/ec2-user/.rvm/gems/ruby-2.6.3/gems/capybara-3.36.0/lib/capybara/session.rb:90:in `initialize'[0m
            [36m# /home/ec2-user/.rvm/gems/ruby-2.6.3/gems/capybara-3.36.0/lib/capybara.rb:419:in `new'[0m
            [36m# /home/ec2-user/.rvm/gems/ruby-2.6.3/gems/capybara-3.36.0/lib/capybara.rb:419:in `block in session_pool'[0m
            [36m# /home/ec2-user/.rvm/gems/ruby-2.6.3/gems/capybara-3.36.0/lib/capybara.rb:315:in `current_session'[0m
            [36m# /home/ec2-user/.rvm/gems/ruby-2.6.3/gems/capybara-3.36.0/lib/capybara/dsl.rb:46:in `page'[0m
            [36m# /home/ec2-user/.rvm/gems/ruby-2.6.3/gems/capybara-3.36.0/lib/capybara/dsl.rb:58:in `block (2 levels) in <module:DSL>'[0m
            [36m# ./spec/system/01_before_login_spec.rb:34:in `block (3 levels) in <main>'[0m

      19.2) [31mFailure/Error: raise Error::WebDriverError, cannot_connect_error_text[0m
            [31m[0m
            [31mSelenium::WebDriver::Error::WebDriverError:[0m
            [31m  unable to connect to /home/ec2-user/.rvm/gems/ruby-2.6.3/gems/chromedriver-helper-2.1.1/bin/chromedriver-helper 127.0.0.1:9515[0m
            [36m# /home/ec2-user/.rvm/gems/ruby-2.6.3/gems/selenium-webdriver-4.1.0/lib/selenium/webdriver/common/service_manager.rb:139:in `connect_until_stable'[0m
            [36m# /home/ec2-user/.rvm/gems/ruby-2.6.3/gems/selenium-webdriver-4.1.0/lib/selenium/webdriver/common/service_manager.rb:57:in `block in start'[0m
            [36m# /home/ec2-user/.rvm/gems/ruby-2.6.3/gems/selenium-webdriver-4.1.0/lib/selenium/webdriver/common/socket_lock.rb:41:in `locked'[0m
            [36m# /home/ec2-user/.rvm/gems/ruby-2.6.3/gems/selenium-webdriver-4.1.0/lib/selenium/webdriver/common/service_manager.rb:54:in `start'[0m
            [36m# /home/ec2-user/.rvm/gems/ruby-2.6.3/gems/selenium-webdriver-4.1.0/lib/selenium/webdriver/common/service.rb:84:in `launch'[0m
            [36m# /home/ec2-user/.rvm/gems/ruby-2.6.3/gems/selenium-webdriver-4.1.0/lib/selenium/webdriver/common/driver.rb:374:in `service_url'[0m
            [36m# /home/ec2-user/.rvm/gems/ruby-2.6.3/gems/selenium-webdriver-4.1.0/lib/selenium/webdriver/common/driver.rb:311:in `create_bridge'[0m
            [36m# /home/ec2-user/.rvm/gems/ruby-2.6.3/gems/selenium-webdriver-4.1.0/lib/selenium/webdriver/common/driver.rb:74:in `initialize'[0m
            [36m# /home/ec2-user/.rvm/gems/ruby-2.6.3/gems/selenium-webdriver-4.1.0/lib/selenium/webdriver/common/driver.rb:47:in `new'[0m
            [36m# /home/ec2-user/.rvm/gems/ruby-2.6.3/gems/selenium-webdriver-4.1.0/lib/selenium/webdriver/common/driver.rb:47:in `for'[0m
            [36m# /home/ec2-user/.rvm/gems/ruby-2.6.3/gems/selenium-webdriver-4.1.0/lib/selenium/webdriver.rb:88:in `for'[0m
            [36m# /home/ec2-user/.rvm/gems/ruby-2.6.3/gems/capybara-3.36.0/lib/capybara/selenium/driver.rb:83:in `browser'[0m
            [36m# /home/ec2-user/.rvm/gems/ruby-2.6.3/gems/capybara-3.36.0/lib/capybara/session.rb:104:in `driver'[0m
            [36m# /home/ec2-user/.rvm/gems/ruby-2.6.3/gems/capybara-3.36.0/lib/capybara/session.rb:90:in `initialize'[0m
            [36m# /home/ec2-user/.rvm/gems/ruby-2.6.3/gems/capybara-3.36.0/lib/capybara.rb:419:in `new'[0m
            [36m# /home/ec2-user/.rvm/gems/ruby-2.6.3/gems/capybara-3.36.0/lib/capybara.rb:419:in `block in session_pool'[0m
            [36m# /home/ec2-user/.rvm/gems/ruby-2.6.3/gems/capybara-3.36.0/lib/capybara.rb:315:in `current_session'[0m
            [36m# /home/ec2-user/.rvm/gems/ruby-2.6.3/gems/capybara-3.36.0/lib/capybara/dsl.rb:46:in `page'[0m

Finished in 4 minutes 1.1 seconds (files took 4.63 seconds to load)
[31m21 examples, 19 failures[0m

Failed examples:

[31mrspec ./spec/models/post_image_spec.rb:11[0m [36m# PostImageãƒ¢ãƒ‡ãƒ«ã®ãƒ†ã‚¹ãƒˆ ãƒãƒªãƒ‡ãƒ¼ã‚·ãƒ§ãƒ³ã®ãƒ†ã‚¹ãƒˆ shop_nameã‚«ãƒ©ãƒ  ç©ºæ¬„ã§ãªã„ã“ã¨[0m
[31mrspec ./spec/models/post_image_spec.rb:18[0m [36m# PostImageãƒ¢ãƒ‡ãƒ«ã®ãƒ†ã‚¹ãƒˆ ãƒãƒªãƒ‡ãƒ¼ã‚·ãƒ§ãƒ³ã®ãƒ†ã‚¹ãƒˆ captionã‚«ãƒ©ãƒ  ç©ºæ¬„ã§ãªã„ã“ã¨[0m
[31mrspec ./spec/models/post_image_spec.rb:22[0m [36m# PostImageãƒ¢ãƒ‡ãƒ«ã®ãƒ†ã‚¹ãƒˆ ãƒãƒªãƒ‡ãƒ¼ã‚·ãƒ§ãƒ³ã®ãƒ†ã‚¹ãƒˆ captionã‚«ãƒ©ãƒ  200æ–‡å­—ä»¥ä¸‹ã§ã‚ã‚‹ã“ã¨: 200æ–‡å­—ã¯ã€‡[0m
[31mrspec ./spec/models/post_image_spec.rb:26[0m [36m# PostImageãƒ¢ãƒ‡ãƒ«ã®ãƒ†ã‚¹ãƒˆ ãƒãƒªãƒ‡ãƒ¼ã‚·ãƒ§ãƒ³ã®ãƒ†ã‚¹ãƒˆ captionã‚«ãƒ©ãƒ  200æ–‡å­—ä»¥ä¸‹ã§ã‚ã‚‹ã“ã¨: 201æ–‡å­—ã¯Ã—[0m
[31mrspec ./spec/models/post_image_spec.rb:41[0m [36m# PostImageãƒ¢ãƒ‡ãƒ«ã®ãƒ†ã‚¹ãƒˆ ã‚¢ã‚½ã‚·ã‚¨ãƒ¼ã‚·ãƒ§ãƒ³ã®ãƒ†ã‚¹ãƒˆ Pãƒ¢ãƒ‡ãƒ«ã¨ã®é–¢ä¿‚ 1:Nã¨ãªã£ã¦ã„ã‚‹[0m
[31mrspec ./spec/models/user_spec.rb:11[0m [36m# Userãƒ¢ãƒ‡ãƒ«ã®ãƒ†ã‚¹ãƒˆ ãƒãƒªãƒ‡ãƒ¼ã‚·ãƒ§ãƒ³ã®ãƒ†ã‚¹ãƒˆ nameã‚«ãƒ©ãƒ  ç©ºæ¬„ã§ãªã„ã“ã¨[0m
[31mrspec ./spec/models/user_spec.rb:15[0m [36m# Userãƒ¢ãƒ‡ãƒ«ã®ãƒ†ã‚¹ãƒˆ ãƒãƒªãƒ‡ãƒ¼ã‚·ãƒ§ãƒ³ã®ãƒ†ã‚¹ãƒˆ nameã‚«ãƒ©ãƒ  2æ–‡å­—ä»¥ä¸Šã§ã‚ã‚‹ã“ã¨: 1æ–‡å­—ã¯Ã—[0m
[31mrspec ./spec/models/user_spec.rb:19[0m [36m# Userãƒ¢ãƒ‡ãƒ«ã®ãƒ†ã‚¹ãƒˆ ãƒãƒªãƒ‡ãƒ¼ã‚·ãƒ§ãƒ³ã®ãƒ†ã‚¹ãƒˆ nameã‚«ãƒ©ãƒ  2æ–‡å­—ä»¥ä¸Šã§ã‚ã‚‹ã“ã¨: 2æ–‡å­—ã¯ã€‡[0m
[31mrspec ./spec/models/user_spec.rb:23[0m [36m# Userãƒ¢ãƒ‡ãƒ«ã®ãƒ†ã‚¹ãƒˆ ãƒãƒªãƒ‡ãƒ¼ã‚·ãƒ§ãƒ³ã®ãƒ†ã‚¹ãƒˆ nameã‚«ãƒ©ãƒ  20æ–‡å­—ä»¥ä¸‹ã§ã‚ã‚‹ã“ã¨: 20æ–‡å­—ã¯ã€‡[0m
[31mrspec ./spec/models/user_spec.rb:27[0m [36m# Userãƒ¢ãƒ‡ãƒ«ã®ãƒ†ã‚¹ãƒˆ ãƒãƒªãƒ‡ãƒ¼ã‚·ãƒ§ãƒ³ã®ãƒ†ã‚¹ãƒˆ nameã‚«ãƒ©ãƒ  20æ–‡å­—ä»¥ä¸‹ã§ã‚ã‚‹ã“ã¨: 21æ–‡å­—ã¯Ã—[0m
[31mrspec ./spec/models/user_spec.rb:31[0m [36m# Userãƒ¢ãƒ‡ãƒ«ã®ãƒ†ã‚¹ãƒˆ ãƒãƒªãƒ‡ãƒ¼ã‚·ãƒ§ãƒ³ã®ãƒ†ã‚¹ãƒˆ nameã‚«ãƒ©ãƒ  ä¸€æ„æ€§ãŒã‚ã‚‹ã“ã¨[0m
[31mrspec ./spec/models/user_spec.rb:38[0m [36m# Userãƒ¢ãƒ‡ãƒ«ã®ãƒ†ã‚¹ãƒˆ ãƒãƒªãƒ‡ãƒ¼ã‚·ãƒ§ãƒ³ã®ãƒ†ã‚¹ãƒˆ introductionã‚«ãƒ©ãƒ  50æ–‡å­—ä»¥ä¸‹ã§ã‚ã‚‹ã“ã¨: 50æ–‡å­—ã¯ã€‡[0m
[31mrspec ./spec/models/user_spec.rb:42[0m [36m# Userãƒ¢ãƒ‡ãƒ«ã®ãƒ†ã‚¹ãƒˆ ãƒãƒªãƒ‡ãƒ¼ã‚·ãƒ§ãƒ³ã®ãƒ†ã‚¹ãƒˆ introductionã‚«ãƒ©ãƒ  50æ–‡å­—ä»¥ä¸‹ã§ã‚ã‚‹ã“ã¨: 51æ–‡å­—ã¯Ã—[0m
[31mrspec ./spec/system/01_before_login_spec.rb:10[0m [36m# [STEP1] ãƒ¦ãƒ¼ã‚¶ãƒ­ã‚°ã‚¤ãƒ³å‰ã®ãƒ†ã‚¹ãƒˆ ãƒˆãƒƒãƒ—ç”»é¢ã®ãƒ†ã‚¹ãƒˆ è¡¨ç¤ºå†…å®¹ã®ç¢ºèª URLãŒæ­£ã—ã„[0m
[31mrspec ./spec/system/01_before_login_spec.rb:13[0m [36m# [STEP1] ãƒ¦ãƒ¼ã‚¶ãƒ­ã‚°ã‚¤ãƒ³å‰ã®ãƒ†ã‚¹ãƒˆ ãƒˆãƒƒãƒ—ç”»é¢ã®ãƒ†ã‚¹ãƒˆ è¡¨ç¤ºå†…å®¹ã®ç¢ºèª Log inãƒªãƒ³ã‚¯ãŒè¡¨ç¤ºã•ã‚Œã‚‹: é’è‰²ã®ãƒœã‚¿ãƒ³ã®è¡¨ç¤ºãŒã€ŒLog inã€ã§ã‚ã‚‹[0m
[31mrspec ./spec/system/01_before_login_spec.rb:17[0m [36m# [STEP1] ãƒ¦ãƒ¼ã‚¶ãƒ­ã‚°ã‚¤ãƒ³å‰ã®ãƒ†ã‚¹ãƒˆ ãƒˆãƒƒãƒ—ç”»é¢ã®ãƒ†ã‚¹ãƒˆ è¡¨ç¤ºå†…å®¹ã®ç¢ºèª Log inãƒªãƒ³ã‚¯ã®å†…å®¹ãŒæ­£ã—ã„[0m
[31mrspec ./spec/system/01_before_login_spec.rb:21[0m [36m# [STEP1] ãƒ¦ãƒ¼ã‚¶ãƒ­ã‚°ã‚¤ãƒ³å‰ã®ãƒ†ã‚¹ãƒˆ ãƒˆãƒƒãƒ—ç”»é¢ã®ãƒ†ã‚¹ãƒˆ è¡¨ç¤ºå†…å®¹ã®ç¢ºèª Sign upãƒªãƒ³ã‚¯ãŒè¡¨ç¤ºã•ã‚Œã‚‹: ç·‘è‰²ã®ãƒœã‚¿ãƒ³ã®è¡¨ç¤ºãŒã€ŒSign upã€ã§ã‚ã‚‹[0m
[31mrspec ./spec/system/01_before_login_spec.rb:25[0m [36m# [STEP1] ãƒ¦ãƒ¼ã‚¶ãƒ­ã‚°ã‚¤ãƒ³å‰ã®ãƒ†ã‚¹ãƒˆ ãƒˆãƒƒãƒ—ç”»é¢ã®ãƒ†ã‚¹ãƒˆ è¡¨ç¤ºå†…å®¹ã®ç¢ºèª Sign upãƒªãƒ³ã‚¯ã®å†…å®¹ãŒæ­£ã—ã„[0m
[31mrspec ./spec/system/01_before_login_spec.rb:38[0m [36m# [STEP1] ãƒ¦ãƒ¼ã‚¶ãƒ­ã‚°ã‚¤ãƒ³å‰ã®ãƒ†ã‚¹ãƒˆ ã‚¢ãƒã‚¦ãƒˆç”»é¢ã®ãƒ†ã‚¹ãƒˆ è¡¨ç¤ºå†…å®¹ã®ç¢ºèª URLãŒæ­£ã—ã„[0m

